<?xml version="1.0" encoding="UTF-8"?>
<testsuite name="pl.edu.mimuw.MatrixNormTest$FrobeniusNormTest" tests="8" skipped="0" failures="0" errors="0" timestamp="2022-05-17T20:03:21" hostname="Stealth-MSI" time="0.034">
  <properties/>
  <testcase name="testVector()" classname="pl.edu.mimuw.MatrixNormTest$FrobeniusNormTest" time="0.016"/>
  <testcase name="testColumns()" classname="pl.edu.mimuw.MatrixNormTest$FrobeniusNormTest" time="0.004"/>
  <testcase name="testStaticMatrix()" classname="pl.edu.mimuw.MatrixNormTest$FrobeniusNormTest" time="0.002"/>
  <testcase name="testAntiDiagonal()" classname="pl.edu.mimuw.MatrixNormTest$FrobeniusNormTest" time="0.001"/>
  <testcase name="testDiagonal()" classname="pl.edu.mimuw.MatrixNormTest$FrobeniusNormTest" time="0.007"/>
  <testcase name="testFullMatrices()" classname="pl.edu.mimuw.MatrixNormTest$FrobeniusNormTest" time="0.001"/>
  <testcase name="testRows()" classname="pl.edu.mimuw.MatrixNormTest$FrobeniusNormTest" time="0.001"/>
  <testcase name="testSparseMatrices()" classname="pl.edu.mimuw.MatrixNormTest$FrobeniusNormTest" time="0.0"/>
  <system-out><![CDATA[]]></system-out>
  <system-err><![CDATA[]]></system-err>
</testsuite>
