<?xml version="1.0" encoding="UTF-8"?>
<testsuite name="pl.edu.mimuw.MatrixAssertionsTest" tests="65" skipped="0" failures="0" errors="0" timestamp="2022-05-17T20:03:21" hostname="Stealth-MSI" time="0.1">
  <properties/>
  <testcase name="testFullTimesThrowsOnNotMatchedSizes()" classname="pl.edu.mimuw.MatrixAssertionsTest" time="0.02"/>
  <testcase name="testInvalidConstructThrowsOnOutboundNegativeIndices()" classname="pl.edu.mimuw.MatrixAssertionsTest" time="0.02"/>
  <testcase name="testInvalidConstructThrowsOnOutboundIndices()" classname="pl.edu.mimuw.MatrixAssertionsTest" time="0.021"/>
  <testcase name="testSparseAddThrowsOnNotMatchedSizes()" classname="pl.edu.mimuw.MatrixAssertionsTest" time="0.021"/>
  <testcase name="testSparseTimesThrowsOnNotMatchedSizes()" classname="pl.edu.mimuw.MatrixAssertionsTest" time="0.023"/>
  <testcase name="testInvalidConstructThrowsOnDifferentSizes()" classname="pl.edu.mimuw.MatrixAssertionsTest" time="0.001"/>
  <testcase name="testFullAddThrowsOnNotMatchedSizes()" classname="pl.edu.mimuw.MatrixAssertionsTest" time="0.002"/>
  <testcase name="testFullInvalidConstructThrowsOnEmpty()" classname="pl.edu.mimuw.MatrixAssertionsTest" time="0.001"/>
  <testcase name="testFullInvalidConstructThrowsOnNull()" classname="pl.edu.mimuw.MatrixAssertionsTest" time="0.001"/>
  <testcase name="[3] Rows: 3 Columns: 3&#10;7.0 0 0 &#10;0 8.0 0 &#10;0 0 9.0 &#10;" classname="pl.edu.mimuw.MatrixAssertionsTest" time="0.024"/>
  <testcase name="[13] Rows: 4 Columns: 3&#10;9.0 ... 9.0&#10;1.0 ... 1.0&#10;-3.0 ... -3.0&#10;44.0 ... 44.0&#10;" classname="pl.edu.mimuw.MatrixAssertionsTest" time="0.016"/>
  <testcase name="[3] Rows: 3 Columns: 3&#10;7.0 0 0 &#10;0 8.0 0 &#10;0 0 9.0 &#10;" classname="pl.edu.mimuw.MatrixAssertionsTest" time="0.027"/>
  <testcase name="[1] Rows: 2 Columns: 3&#10;1.0 2.0 3.0 &#10;4.0 5.0 6.0 &#10;" classname="pl.edu.mimuw.MatrixAssertionsTest" time="0.034"/>
  <testcase name="[4] Rows: 3 Columns: 3&#10;0 0 10.0 &#10;0 11.0 0 &#10;12.0 0 0 &#10;" classname="pl.edu.mimuw.MatrixAssertionsTest" time="0.025"/>
  <testcase name="[2] Rows: 3 Columns: 2&#10;1.0 2.0 &#10;3.0 4.0 &#10;5.0 6.0 &#10;" classname="pl.edu.mimuw.MatrixAssertionsTest" time="0.032"/>
  <testcase name="[1] Rows: 2 Columns: 3&#10;1.0 2.0 3.0 &#10;4.0 5.0 6.0 &#10;" classname="pl.edu.mimuw.MatrixAssertionsTest" time="0.028"/>
  <testcase name="[2] Rows: 3 Columns: 2&#10;1.0 2.0 &#10;3.0 4.0 &#10;5.0 6.0 &#10;" classname="pl.edu.mimuw.MatrixAssertionsTest" time="0.029"/>
  <testcase name="[5] Rows: 2 Columns: 3&#10;{1.0 @[0, 0]} {2.0 @[0, 1]} {3.0 @[0, 2]} &#10;{4.0 @[1, 0]} {5.0 @[1, 1]} {6.0 @[1, 2]} &#10;" classname="pl.edu.mimuw.MatrixAssertionsTest" time="0.001"/>
  <testcase name="[7] Rows: 2 Columns: 1&#10;18.0 &#10;19.0 &#10;" classname="pl.edu.mimuw.MatrixAssertionsTest" time="0.001"/>
  <testcase name="[2] Rows: 3 Columns: 2&#10;1.0 2.0 &#10;3.0 4.0 &#10;5.0 6.0 &#10;" classname="pl.edu.mimuw.MatrixAssertionsTest" time="0.0"/>
  <testcase name="[8] Rows: 3 Columns: 1&#10;15.0 &#10;16.0 &#10;17.0 &#10;" classname="pl.edu.mimuw.MatrixAssertionsTest" time="0.0"/>
  <testcase name="[9] Rows: 2 Columns: 2&#10;1.0 0 &#10;0 1.0 &#10;" classname="pl.edu.mimuw.MatrixAssertionsTest" time="0.001"/>
  <testcase name="[5] Rows: 2 Columns: 3&#10;{1.0 @[0, 0]} {2.0 @[0, 1]} {3.0 @[0, 2]} &#10;{4.0 @[1, 0]} {5.0 @[1, 1]} {6.0 @[1, 2]} &#10;" classname="pl.edu.mimuw.MatrixAssertionsTest" time="0.017"/>
  <testcase name="[9] Rows: 2 Columns: 2&#10;1.0 0 &#10;0 1.0 &#10;" classname="pl.edu.mimuw.MatrixAssertionsTest" time="0.0"/>
  <testcase name="[10] Rows: 3 Columns: 3&#10;1.0 0 0 &#10;0 1.0 0 &#10;0 0 1.0 &#10;" classname="pl.edu.mimuw.MatrixAssertionsTest" time="0.0"/>
  <testcase name="[11] Rows: 3 Columns: 2&#10;0.0 0.0 &#10;0.0 0.0 &#10;0.0 0.0 &#10;" classname="pl.edu.mimuw.MatrixAssertionsTest" time="0.001"/>
  <testcase name="[14] Rows: 4 Columns: 3&#10;9.0 1.0 -3.0 &#10;9.0 1.0 -3.0 &#10;9.0 1.0 -3.0 &#10;9.0 1.0 -3.0 &#10;" classname="pl.edu.mimuw.MatrixAssertionsTest" time="0.022"/>
  <testcase name="[7] Rows: 2 Columns: 1&#10;18.0 &#10;19.0 &#10;" classname="pl.edu.mimuw.MatrixAssertionsTest" time="0.0"/>
  <testcase name="[12] Rows: 4 Columns: 3&#10;9.0 ... 9.0&#10;9.0 ... 9.0&#10;9.0 ... 9.0&#10;9.0 ... 9.0&#10;" classname="pl.edu.mimuw.MatrixAssertionsTest" time="0.001"/>
  <testcase name="[1] Rows: 2 Columns: 3&#10;1.0 2.0 3.0 &#10;4.0 5.0 6.0 &#10;" classname="pl.edu.mimuw.MatrixAssertionsTest" time="0.034"/>
  <testcase name="[10] Rows: 3 Columns: 3&#10;1.0 0 0 &#10;0 1.0 0 &#10;0 0 1.0 &#10;" classname="pl.edu.mimuw.MatrixAssertionsTest" time="0.011"/>
  <testcase name="[4] Rows: 3 Columns: 3&#10;0 0 10.0 &#10;0 11.0 0 &#10;12.0 0 0 &#10;" classname="pl.edu.mimuw.MatrixAssertionsTest" time="0.0"/>
  <testcase name="[11] Rows: 3 Columns: 2&#10;0.0 0.0 &#10;0.0 0.0 &#10;0.0 0.0 &#10;" classname="pl.edu.mimuw.MatrixAssertionsTest" time="0.012"/>
  <testcase name="[13] Rows: 4 Columns: 3&#10;9.0 ... 9.0&#10;1.0 ... 1.0&#10;-3.0 ... -3.0&#10;44.0 ... 44.0&#10;" classname="pl.edu.mimuw.MatrixAssertionsTest" time="0.001"/>
  <testcase name="[8] Rows: 3 Columns: 1&#10;15.0 &#10;16.0 &#10;17.0 &#10;" classname="pl.edu.mimuw.MatrixAssertionsTest" time="0.0"/>
  <testcase name="[6] Rows: 3 Columns: 2&#10;{1.0 @[0, 0]} {2.0 @[0, 1]} &#10;{3.0 @[1, 0]} {4.0 @[1, 1]} &#10;{5.0 @[2, 0]} {6.0 @[2, 1]} &#10;" classname="pl.edu.mimuw.MatrixAssertionsTest" time="0.02"/>
  <testcase name="[2] Rows: 3 Columns: 2&#10;1.0 2.0 &#10;3.0 4.0 &#10;5.0 6.0 &#10;" classname="pl.edu.mimuw.MatrixAssertionsTest" time="0.001"/>
  <testcase name="[6] Rows: 3 Columns: 2&#10;{1.0 @[0, 0]} {2.0 @[0, 1]} &#10;{3.0 @[1, 0]} {4.0 @[1, 1]} &#10;{5.0 @[2, 0]} {6.0 @[2, 1]} &#10;" classname="pl.edu.mimuw.MatrixAssertionsTest" time="0.001"/>
  <testcase name="[3] Rows: 3 Columns: 3&#10;7.0 0 0 &#10;0 8.0 0 &#10;0 0 9.0 &#10;" classname="pl.edu.mimuw.MatrixAssertionsTest" time="0.0"/>
  <testcase name="[4] Rows: 3 Columns: 3&#10;0 0 10.0 &#10;0 11.0 0 &#10;12.0 0 0 &#10;" classname="pl.edu.mimuw.MatrixAssertionsTest" time="0.014"/>
  <testcase name="[14] Rows: 4 Columns: 3&#10;9.0 1.0 -3.0 &#10;9.0 1.0 -3.0 &#10;9.0 1.0 -3.0 &#10;9.0 1.0 -3.0 &#10;" classname="pl.edu.mimuw.MatrixAssertionsTest" time="0.019"/>
  <testcase name="[6] Rows: 3 Columns: 2&#10;{1.0 @[0, 0]} {2.0 @[0, 1]} &#10;{3.0 @[1, 0]} {4.0 @[1, 1]} &#10;{5.0 @[2, 0]} {6.0 @[2, 1]} &#10;" classname="pl.edu.mimuw.MatrixAssertionsTest" time="0.02"/>
  <testcase name="[14] Rows: 4 Columns: 3&#10;9.0 1.0 -3.0 &#10;9.0 1.0 -3.0 &#10;9.0 1.0 -3.0 &#10;9.0 1.0 -3.0 &#10;" classname="pl.edu.mimuw.MatrixAssertionsTest" time="0.009"/>
  <testcase name="[3] Rows: 3 Columns: 3&#10;7.0 0 0 &#10;0 8.0 0 &#10;0 0 9.0 &#10;" classname="pl.edu.mimuw.MatrixAssertionsTest" time="0.014"/>
  <testcase name="[4] Rows: 3 Columns: 3&#10;0 0 10.0 &#10;0 11.0 0 &#10;12.0 0 0 &#10;" classname="pl.edu.mimuw.MatrixAssertionsTest" time="0.001"/>
  <testcase name="[7] Rows: 2 Columns: 1&#10;18.0 &#10;19.0 &#10;" classname="pl.edu.mimuw.MatrixAssertionsTest" time="0.002"/>
  <testcase name="[5] Rows: 2 Columns: 3&#10;{1.0 @[0, 0]} {2.0 @[0, 1]} {3.0 @[0, 2]} &#10;{4.0 @[1, 0]} {5.0 @[1, 1]} {6.0 @[1, 2]} &#10;" classname="pl.edu.mimuw.MatrixAssertionsTest" time="0.009"/>
  <testcase name="[1] Rows: 2 Columns: 3&#10;1.0 2.0 3.0 &#10;4.0 5.0 6.0 &#10;" classname="pl.edu.mimuw.MatrixAssertionsTest" time="0.007"/>
  <testcase name="[8] Rows: 3 Columns: 1&#10;15.0 &#10;16.0 &#10;17.0 &#10;" classname="pl.edu.mimuw.MatrixAssertionsTest" time="0.001"/>
  <testcase name="[12] Rows: 4 Columns: 3&#10;9.0 ... 9.0&#10;9.0 ... 9.0&#10;9.0 ... 9.0&#10;9.0 ... 9.0&#10;" classname="pl.edu.mimuw.MatrixAssertionsTest" time="0.0"/>
  <testcase name="[7] Rows: 2 Columns: 1&#10;18.0 &#10;19.0 &#10;" classname="pl.edu.mimuw.MatrixAssertionsTest" time="0.001"/>
  <testcase name="[14] Rows: 4 Columns: 3&#10;9.0 1.0 -3.0 &#10;9.0 1.0 -3.0 &#10;9.0 1.0 -3.0 &#10;9.0 1.0 -3.0 &#10;" classname="pl.edu.mimuw.MatrixAssertionsTest" time="0.001"/>
  <testcase name="[9] Rows: 2 Columns: 2&#10;1.0 0 &#10;0 1.0 &#10;" classname="pl.edu.mimuw.MatrixAssertionsTest" time="0.0"/>
  <testcase name="[8] Rows: 3 Columns: 1&#10;15.0 &#10;16.0 &#10;17.0 &#10;" classname="pl.edu.mimuw.MatrixAssertionsTest" time="0.0"/>
  <testcase name="[12] Rows: 4 Columns: 3&#10;9.0 ... 9.0&#10;9.0 ... 9.0&#10;9.0 ... 9.0&#10;9.0 ... 9.0&#10;" classname="pl.edu.mimuw.MatrixAssertionsTest" time="0.013"/>
  <testcase name="[10] Rows: 3 Columns: 3&#10;1.0 0 0 &#10;0 1.0 0 &#10;0 0 1.0 &#10;" classname="pl.edu.mimuw.MatrixAssertionsTest" time="0.016"/>
  <testcase name="[13] Rows: 4 Columns: 3&#10;9.0 ... 9.0&#10;1.0 ... 1.0&#10;-3.0 ... -3.0&#10;44.0 ... 44.0&#10;" classname="pl.edu.mimuw.MatrixAssertionsTest" time="0.018"/>
  <testcase name="[9] Rows: 2 Columns: 2&#10;1.0 0 &#10;0 1.0 &#10;" classname="pl.edu.mimuw.MatrixAssertionsTest" time="0.0"/>
  <testcase name="[12] Rows: 4 Columns: 3&#10;9.0 ... 9.0&#10;9.0 ... 9.0&#10;9.0 ... 9.0&#10;9.0 ... 9.0&#10;" classname="pl.edu.mimuw.MatrixAssertionsTest" time="0.001"/>
  <testcase name="[11] Rows: 3 Columns: 2&#10;0.0 0.0 &#10;0.0 0.0 &#10;0.0 0.0 &#10;" classname="pl.edu.mimuw.MatrixAssertionsTest" time="0.001"/>
  <testcase name="[10] Rows: 3 Columns: 3&#10;1.0 0 0 &#10;0 1.0 0 &#10;0 0 1.0 &#10;" classname="pl.edu.mimuw.MatrixAssertionsTest" time="0.002"/>
  <testcase name="[13] Rows: 4 Columns: 3&#10;9.0 ... 9.0&#10;1.0 ... 1.0&#10;-3.0 ... -3.0&#10;44.0 ... 44.0&#10;" classname="pl.edu.mimuw.MatrixAssertionsTest" time="0.004"/>
  <testcase name="[6] Rows: 3 Columns: 2&#10;{1.0 @[0, 0]} {2.0 @[0, 1]} &#10;{3.0 @[1, 0]} {4.0 @[1, 1]} &#10;{5.0 @[2, 0]} {6.0 @[2, 1]} &#10;" classname="pl.edu.mimuw.MatrixAssertionsTest" time="0.004"/>
  <testcase name="[11] Rows: 3 Columns: 2&#10;0.0 0.0 &#10;0.0 0.0 &#10;0.0 0.0 &#10;" classname="pl.edu.mimuw.MatrixAssertionsTest" time="0.004"/>
  <testcase name="[5] Rows: 2 Columns: 3&#10;{1.0 @[0, 0]} {2.0 @[0, 1]} {3.0 @[0, 2]} &#10;{4.0 @[1, 0]} {5.0 @[1, 1]} {6.0 @[1, 2]} &#10;" classname="pl.edu.mimuw.MatrixAssertionsTest" time="0.005"/>
  <system-out><![CDATA[]]></system-out>
  <system-err><![CDATA[]]></system-err>
</testsuite>
